
> cherrytwist-web@0.7.8 codegen /home/drako/src/cherrytwist/ct-web
> cross-env VERBOSE=1 cross-env DEBUG=1 graphql-codegen --config codegen.yml

[17:51:07] Parse configuration [started]
[17:51:07] Parse configuration [completed]
[17:51:07] Generate outputs [started]
[17:51:07] Generate src/types/graphql-schema.ts [started]
[17:51:07] Generate to src/generated/graphql.tsx (using EXPERIMENTAL preset "import-types") [started]
[17:51:07] Load GraphQL schemas [started]
[17:51:07] Load GraphQL schemas [started]
[17:51:07] Load GraphQL schemas [completed]
[17:51:07] Load GraphQL documents [started]
[17:51:07] Load GraphQL schemas [completed]
[17:51:07] Load GraphQL documents [started]
[17:51:08] Load GraphQL documents [completed]
[17:51:08] Generate [started]
[17:51:08] Generate [completed]
[17:51:08] Generate src/types/graphql-schema.ts [completed]
[17:51:08] Load GraphQL documents [completed]
[17:51:08] Generate [started]
[17:51:08] Generate [completed]
[17:51:08] Generate to src/generated/graphql.tsx (using EXPERIMENTAL preset "import-types") [completed]
[17:51:08] Generate outputs [completed]
